<?xml version="1.0" encoding="UTF-8"?>
<!-- Generated by org.testng.reporters.JUnitReportReporter -->
<testsuite hostname="DESKTOP-OFIDLPQ" failures="0" tests="26" name="mykademy.tests.MykademyTestSuite" time="264.810" errors="0" timestamp="2022-07-18T16:24:18 IST" skipped="0">
  <testcase classname="mykademy.tests.MykademyTestSuite" name="verifySignUpPage" time="5.215"/>
  <system-out/>
  <testcase classname="mykademy.tests.MykademyTestSuite" name="verifyLoginCheck" time="3.584"/>
  <system-out/>
  <testcase classname="mykademy.tests.MykademyTestSuite" name="moveToLearnerModule" time="2.812"/>
  <system-out/>
  <testcase classname="mykademy.tests.MykademyTestSuite" name="verifyLearnerAdd" time="1.809"/>
  <system-out/>
  <testcase classname="mykademy.tests.MykademyTestSuite" name="verifyLearnerAdd" time="1.513"/>
  <system-out/>
  <testcase classname="mykademy.tests.MykademyTestSuite" name="OtherLearnerModuleOperations" time="21.426"/>
  <system-out/>
  <testcase classname="mykademy.tests.MykademyTestSuite" name="roleManagementModule" time="18.757"/>
  <system-out/>
  <testcase classname="mykademy.tests.MykademyTestSuite" name="courseCreationModuleFirstSteps" time="11.352"/>
  <system-out/>
  <testcase classname="mykademy.tests.MykademyTestSuite" name="courseCreationModuleOperations" time="7.383"/>
  <system-out/>
  <testcase classname="mykademy.tests.MykademyTestSuite" name="courseCreationModuleOperations" time="16.080"/>
  <system-out/>
  <testcase classname="mykademy.tests.MykademyTestSuite" name="courseCreationModuleOperations" time="8.842"/>
  <system-out/>
  <testcase classname="mykademy.tests.MykademyTestSuite" name="courseCreationModuleOperations" time="9.014"/>
  <system-out/>
  <testcase classname="mykademy.tests.MykademyTestSuite" name="courseCreationModuleOperations" time="8.020"/>
  <system-out/>
  <testcase classname="mykademy.tests.MykademyTestSuite" name="courseCreationModuleOperations" time="8.185"/>
  <system-out/>
  <testcase classname="mykademy.tests.MykademyTestSuite" name="courseCreationModuleOperations" time="8.248"/>
  <system-out/>
  <testcase classname="mykademy.tests.MykademyTestSuite" name="LiveClassCreationOperations" time="9.841"/>
  <system-out/>
  <testcase classname="mykademy.tests.MykademyTestSuite" name="AssessmentCreationOperations" time="37.364"/>
  <system-out/>
  <testcase classname="mykademy.tests.MykademyTestSuite" name="AssignmentCreationOperations" time="9.852"/>
  <system-out/>
  <testcase classname="mykademy.tests.MykademyTestSuite" name="HTMLCreationOperations" time="6.259"/>
  <system-out/>
  <testcase classname="mykademy.tests.MykademyTestSuite" name="ScormCreationOperations" time="23.636"/>
  <system-out/>
  <testcase classname="mykademy.tests.MykademyTestSuite" name="YouTubeCreationOperations" time="4.856"/>
  <system-out/>
  <testcase classname="mykademy.tests.MykademyTestSuite" name="SurveyCreationOperations" time="10.137"/>
  <system-out/>
  <testcase classname="mykademy.tests.MykademyTestSuite" name="SurveyCreationOperations" time="9.976"/>
  <system-out/>
  <testcase classname="mykademy.tests.MykademyTestSuite" name="CourseSettingsOperations" time="13.405"/>
  <system-out/>
  <testcase classname="mykademy.tests.MykademyTestSuite" name="ActivateCourseOperations" time="5.266"/>
  <system-out/>
  <testcase classname="mykademy.tests.MykademyTestSuite" name="DeleteCourseOperations" time="1.978"/>
  <system-out/>
</testsuite> <!-- mykademy.tests.MykademyTestSuite -->
